<?xml version="1.0" encoding="UTF-8"?>
<!-- Generated by org.testng.reporters.JUnitReportReporter -->
<testsuite hostname="LAPTOP-U5DF07VP" failures="0" tests="1" name="testCases.Employee" time="4.762" errors="0" timestamp="2020-09-26T00:28:34 IST" skipped="0">
  <testcase classname="testCases.Employee" name="update_Employee" time="4.762"/>
  <system-out/>
</testsuite> <!-- testCases.Employee -->
